<?xml version="1.0" encoding="UTF-8"?>
<testng-results skipped="0" failed="0" ignored="0" total="2" passed="2">
  <reporter-output>
  </reporter-output>
  <suite name="Default suite" duration-ms="1935" started-at="2018-10-26T10:11:17Z" finished-at="2018-10-26T10:11:18Z">
    <groups>
    </groups>
    <test name="Default test" duration-ms="1935" started-at="2018-10-26T10:11:17Z" finished-at="2018-10-26T10:11:18Z">
      <class name="com.qa.tests.GetAPITest">
        <test-method status="PASS" signature="setUp()[pri:0, instance:com.qa.tests.GetAPITest@51565ec2]" name="setUp" is-config="true" duration-ms="10" started-at="2018-10-26T10:11:17Z" finished-at="2018-10-26T10:11:17Z">
          <reporter-output>
          </reporter-output>
        </test-method> <!-- setUp -->
        <test-method status="PASS" signature="getUsersWithHeaders()[pri:0, instance:com.qa.tests.GetAPITest@51565ec2]" name="getUsersWithHeaders" duration-ms="1286" started-at="2018-10-26T10:11:17Z" finished-at="2018-10-26T10:11:18Z">
          <reporter-output>
          </reporter-output>
        </test-method> <!-- getUsersWithHeaders -->
        <test-method status="PASS" signature="setUp()[pri:0, instance:com.qa.tests.GetAPITest@51565ec2]" name="setUp" is-config="true" duration-ms="1" started-at="2018-10-26T10:11:18Z" finished-at="2018-10-26T10:11:18Z">
          <reporter-output>
          </reporter-output>
        </test-method> <!-- setUp -->
        <test-method status="PASS" signature="getUsersWithoutHeaders()[pri:0, instance:com.qa.tests.GetAPITest@51565ec2]" name="getUsersWithoutHeaders" duration-ms="610" started-at="2018-10-26T10:11:18Z" finished-at="2018-10-26T10:11:18Z">
          <reporter-output>
          </reporter-output>
        </test-method> <!-- getUsersWithoutHeaders -->
      </class> <!-- com.qa.tests.GetAPITest -->
    </test> <!-- Default test -->
  </suite> <!-- Default suite -->
</testng-results>
